2016-07-15 08:19:39 DEBUG DispatcherServlet:118 - Initializing servlet 'hello-dispatcher'
2016-07-15 08:19:39 DEBUG StandardServletEnvironment:109 - Adding [servletConfigInitParams] PropertySource with lowest search precedence
2016-07-15 08:19:39 DEBUG StandardServletEnvironment:109 - Adding [servletContextInitParams] PropertySource with lowest search precedence
2016-07-15 08:19:39 DEBUG StandardServletEnvironment:109 - Adding [jndiProperties] PropertySource with lowest search precedence
2016-07-15 08:19:39 DEBUG StandardServletEnvironment:109 - Adding [systemProperties] PropertySource with lowest search precedence
2016-07-15 08:19:39 DEBUG StandardServletEnvironment:109 - Adding [systemEnvironment] PropertySource with lowest search precedence
2016-07-15 08:19:39 DEBUG StandardServletEnvironment:126 - Initialized StandardServletEnvironment with PropertySources [servletConfigInitParams,servletContextInitParams,jndiProperties,systemProperties,systemEnvironment]
2016-07-15 08:19:39 INFO  DispatcherServlet:484 - FrameworkServlet 'hello-dispatcher': initialization started
2016-07-15 08:19:39 DEBUG DispatcherServlet:612 - Servlet with name 'hello-dispatcher' will try to create custom WebApplicationContext context of class 'org.springframework.web.context.support.XmlWebApplicationContext', using parent context [null]
2016-07-15 08:19:39 DEBUG StandardServletEnvironment:174 - Replacing [servletContextInitParams] PropertySource with [servletContextInitParams]
2016-07-15 08:19:39 DEBUG StandardServletEnvironment:174 - Replacing [servletConfigInitParams] PropertySource with [servletConfigInitParams]
2016-07-15 08:19:39 INFO  XmlWebApplicationContext:510 - Refreshing WebApplicationContext for namespace 'hello-dispatcher-servlet': startup date [Fri Jul 15 08:19:39 CEST 2016]; root of context hierarchy
2016-07-15 08:19:40 DEBUG StandardEnvironment:109 - Adding [systemProperties] PropertySource with lowest search precedence
2016-07-15 08:19:40 DEBUG StandardEnvironment:109 - Adding [systemEnvironment] PropertySource with lowest search precedence
2016-07-15 08:19:40 DEBUG StandardEnvironment:126 - Initialized StandardEnvironment with PropertySources [systemProperties,systemEnvironment]
2016-07-15 08:19:40 INFO  XmlBeanDefinitionReader:317 - Loading XML bean definitions from ServletContext resource [/WEB-INF/spring-web-config.xml]
2016-07-15 08:19:40 DEBUG DefaultDocumentLoader:73 - Using JAXP provider [com.sun.org.apache.xerces.internal.jaxp.DocumentBuilderFactoryImpl]
2016-07-15 08:19:40 DEBUG PluggableSchemaResolver:141 - Loading schema mappings from [META-INF/spring.schemas]
2016-07-15 08:19:40 DEBUG PluggableSchemaResolver:147 - Loaded schema mappings: {http://www.springframework.org/schema/aop/spring-aop-4.1.xsd=org/springframework/aop/config/spring-aop-4.1.xsd, http://www.springframework.org/schema/context/spring-context-3.1.xsd=org/springframework/context/config/spring-context-3.1.xsd, http://www.springframework.org/schema/util/spring-util-3.0.xsd=org/springframework/beans/factory/xml/spring-util-3.0.xsd, http://www.springframework.org/schema/mvc/spring-mvc-4.1.xsd=org/springframework/web/servlet/config/spring-mvc-4.1.xsd, http://www.springframework.org/schema/tool/spring-tool.xsd=org/springframework/beans/factory/xml/spring-tool-4.1.xsd, http://www.springframework.org/schema/aop/spring-aop-3.2.xsd=org/springframework/aop/config/spring-aop-3.2.xsd, http://www.springframework.org/schema/lang/spring-lang-4.1.xsd=org/springframework/scripting/config/spring-lang-4.1.xsd, http://www.springframework.org/schema/context/spring-context-4.0.xsd=org/springframework/context/config/spring-context-4.0.xsd, http://www.springframework.org/schema/mvc/spring-mvc-3.2.xsd=org/springframework/web/servlet/config/spring-mvc-3.2.xsd, http://www.springframework.org/schema/tool/spring-tool-4.1.xsd=org/springframework/beans/factory/xml/spring-tool-4.1.xsd, http://www.springframework.org/schema/lang/spring-lang-3.2.xsd=org/springframework/scripting/config/spring-lang-3.2.xsd, http://www.springframework.org/schema/cache/spring-cache-3.2.xsd=org/springframework/cache/config/spring-cache-3.2.xsd, http://www.springframework.org/schema/jee/spring-jee-4.1.xsd=org/springframework/ejb/config/spring-jee-4.1.xsd, http://www.springframework.org/schema/util/spring-util-2.0.xsd=org/springframework/beans/factory/xml/spring-util-2.0.xsd, http://www.springframework.org/schema/tool/spring-tool-3.2.xsd=org/springframework/beans/factory/xml/spring-tool-3.2.xsd, http://www.springframework.org/schema/context/spring-context.xsd=org/springframework/context/config/spring-context-4.1.xsd, http://www.springframework.org/schema/cache/spring-cache-4.1.xsd=org/springframework/cache/config/spring-cache-4.1.xsd, http://www.springframework.org/schema/aop/spring-aop-4.0.xsd=org/springframework/aop/config/spring-aop-4.0.xsd, http://www.springframework.org/schema/jee/spring-jee-3.2.xsd=org/springframework/ejb/config/spring-jee-3.2.xsd, http://www.springframework.org/schema/context/spring-context-3.0.xsd=org/springframework/context/config/spring-context-3.0.xsd, http://www.springframework.org/schema/util/spring-util-2.5.xsd=org/springframework/beans/factory/xml/spring-util-2.5.xsd, http://www.springframework.org/schema/mvc/spring-mvc-4.0.xsd=org/springframework/web/servlet/config/spring-mvc-4.0.xsd, http://www.springframework.org/schema/beans/spring-beans-3.2.xsd=org/springframework/beans/factory/xml/spring-beans-3.2.xsd, http://www.springframework.org/schema/aop/spring-aop-3.1.xsd=org/springframework/aop/config/spring-aop-3.1.xsd, http://www.springframework.org/schema/lang/spring-lang-4.0.xsd=org/springframework/scripting/config/spring-lang-4.0.xsd, http://www.springframework.org/schema/mvc/spring-mvc.xsd=org/springframework/web/servlet/config/spring-mvc-4.1.xsd, http://www.springframework.org/schema/mvc/spring-mvc-3.1.xsd=org/springframework/web/servlet/config/spring-mvc-3.1.xsd, http://www.springframework.org/schema/beans/spring-beans-4.1.xsd=org/springframework/beans/factory/xml/spring-beans-4.1.xsd, http://www.springframework.org/schema/tool/spring-tool-4.0.xsd=org/springframework/beans/factory/xml/spring-tool-4.0.xsd, http://www.springframework.org/schema/lang/spring-lang-3.1.xsd=org/springframework/scripting/config/spring-lang-3.1.xsd, http://www.springframework.org/schema/cache/spring-cache-3.1.xsd=org/springframework/cache/config/spring-cache-3.1.xsd, http://www.springframework.org/schema/jee/spring-jee-4.0.xsd=org/springframework/ejb/config/spring-jee-4.0.xsd, http://www.springframework.org/schema/task/spring-task-4.1.xsd=org/springframework/scheduling/config/spring-task-4.1.xsd, http://www.springframework.org/schema/tool/spring-tool-3.1.xsd=org/springframework/beans/factory/xml/spring-tool-3.1.xsd, http://www.springframework.org/schema/cache/spring-cache-4.0.xsd=org/springframework/cache/config/spring-cache-4.0.xsd, http://www.springframework.org/schema/jee/spring-jee-3.1.xsd=org/springframework/ejb/config/spring-jee-3.1.xsd, http://www.springframework.org/schema/task/spring-task-3.2.xsd=org/springframework/scheduling/config/spring-task-3.2.xsd, http://www.springframework.org/schema/beans/spring-beans-3.1.xsd=org/springframework/beans/factory/xml/spring-beans-3.1.xsd, http://www.springframework.org/schema/util/spring-util.xsd=org/springframework/beans/factory/xml/spring-util-4.1.xsd, http://www.springframework.org/schema/aop/spring-aop-3.0.xsd=org/springframework/aop/config/spring-aop-3.0.xsd, http://www.springframework.org/schema/mvc/spring-mvc-3.0.xsd=org/springframework/web/servlet/config/spring-mvc-3.0.xsd, http://www.springframework.org/schema/beans/spring-beans-4.0.xsd=org/springframework/beans/factory/xml/spring-beans-4.0.xsd, http://www.springframework.org/schema/beans/spring-beans.xsd=org/springframework/beans/factory/xml/spring-beans-4.1.xsd, http://www.springframework.org/schema/lang/spring-lang-3.0.xsd=org/springframework/scripting/config/spring-lang-3.0.xsd, http://www.springframework.org/schema/context/spring-context-2.5.xsd=org/springframework/context/config/spring-context-2.5.xsd, http://www.springframework.org/schema/task/spring-task-4.0.xsd=org/springframework/scheduling/config/spring-task-4.0.xsd, http://www.springframework.org/schema/tool/spring-tool-3.0.xsd=org/springframework/beans/factory/xml/spring-tool-3.0.xsd, http://www.springframework.org/schema/aop/spring-aop-2.0.xsd=org/springframework/aop/config/spring-aop-2.0.xsd, http://www.springframework.org/schema/jee/spring-jee-3.0.xsd=org/springframework/ejb/config/spring-jee-3.0.xsd, http://www.springframework.org/schema/util/spring-util-4.1.xsd=org/springframework/beans/factory/xml/spring-util-4.1.xsd, http://www.springframework.org/schema/task/spring-task-3.1.xsd=org/springframework/scheduling/config/spring-task-3.1.xsd, http://www.springframework.org/schema/beans/spring-beans-3.0.xsd=org/springframework/beans/factory/xml/spring-beans-3.0.xsd, http://www.springframework.org/schema/jee/spring-jee.xsd=org/springframework/ejb/config/spring-jee-4.1.xsd, http://www.springframework.org/schema/aop/spring-aop-2.5.xsd=org/springframework/aop/config/spring-aop-2.5.xsd, http://www.springframework.org/schema/lang/spring-lang-2.0.xsd=org/springframework/scripting/config/spring-lang-2.0.xsd, http://www.springframework.org/schema/util/spring-util-3.2.xsd=org/springframework/beans/factory/xml/spring-util-3.2.xsd, http://www.springframework.org/schema/task/spring-task.xsd=org/springframework/scheduling/config/spring-task-4.1.xsd, http://www.springframework.org/schema/tool/spring-tool-2.0.xsd=org/springframework/beans/factory/xml/spring-tool-2.0.xsd, http://www.springframework.org/schema/lang/spring-lang-2.5.xsd=org/springframework/scripting/config/spring-lang-2.5.xsd, http://www.springframework.org/schema/jee/spring-jee-2.0.xsd=org/springframework/ejb/config/spring-jee-2.0.xsd, http://www.springframework.org/schema/tool/spring-tool-2.5.xsd=org/springframework/beans/factory/xml/spring-tool-2.5.xsd, http://www.springframework.org/schema/jee/spring-jee-2.5.xsd=org/springframework/ejb/config/spring-jee-2.5.xsd, http://www.springframework.org/schema/util/spring-util-4.0.xsd=org/springframework/beans/factory/xml/spring-util-4.0.xsd, http://www.springframework.org/schema/task/spring-task-3.0.xsd=org/springframework/scheduling/config/spring-task-3.0.xsd, http://www.springframework.org/schema/lang/spring-lang.xsd=org/springframework/scripting/config/spring-lang-4.1.xsd, http://www.springframework.org/schema/context/spring-context-3.2.xsd=org/springframework/context/config/spring-context-3.2.xsd, http://www.springframework.org/schema/util/spring-util-3.1.xsd=org/springframework/beans/factory/xml/spring-util-3.1.xsd, http://www.springframework.org/schema/beans/spring-beans-2.0.xsd=org/springframework/beans/factory/xml/spring-beans-2.0.xsd, http://www.springframework.org/schema/cache/spring-cache.xsd=org/springframework/cache/config/spring-cache-4.1.xsd, http://www.springframework.org/schema/context/spring-context-4.1.xsd=org/springframework/context/config/spring-context-4.1.xsd, http://www.springframework.org/schema/beans/spring-beans-2.5.xsd=org/springframework/beans/factory/xml/spring-beans-2.5.xsd, http://www.springframework.org/schema/aop/spring-aop.xsd=org/springframework/aop/config/spring-aop-4.1.xsd}
2016-07-15 08:19:40 DEBUG PluggableSchemaResolver:119 - Found XML schema [http://www.springframework.org/schema/beans/spring-beans.xsd] in classpath: org/springframework/beans/factory/xml/spring-beans-4.1.xsd
2016-07-15 08:19:40 DEBUG PluggableSchemaResolver:119 - Found XML schema [http://www.springframework.org/schema/context/spring-context.xsd] in classpath: org/springframework/context/config/spring-context-4.1.xsd
2016-07-15 08:19:40 DEBUG PluggableSchemaResolver:119 - Found XML schema [http://www.springframework.org/schema/tool/spring-tool-4.1.xsd] in classpath: org/springframework/beans/factory/xml/spring-tool-4.1.xsd
2016-07-15 08:19:40 DEBUG PluggableSchemaResolver:119 - Found XML schema [http://www.springframework.org/schema/mvc/spring-mvc.xsd] in classpath: org/springframework/web/servlet/config/spring-mvc-4.1.xsd
2016-07-15 08:19:40 DEBUG DefaultBeanDefinitionDocumentReader:98 - Loading bean definitions
2016-07-15 08:19:40 DEBUG DefaultNamespaceHandlerResolver:157 - Loaded NamespaceHandler mappings: {http://www.springframework.org/schema/p=org.springframework.beans.factory.xml.SimplePropertyNamespaceHandler, http://www.springframework.org/schema/mvc=org.springframework.web.servlet.config.MvcNamespaceHandler, http://www.springframework.org/schema/util=org.springframework.beans.factory.xml.UtilNamespaceHandler, http://www.springframework.org/schema/jee=org.springframework.ejb.config.JeeNamespaceHandler, http://www.springframework.org/schema/aop=org.springframework.aop.config.AopNamespaceHandler, http://www.springframework.org/schema/cache=org.springframework.cache.config.CacheNamespaceHandler, http://www.springframework.org/schema/c=org.springframework.beans.factory.xml.SimpleConstructorNamespaceHandler, http://www.springframework.org/schema/task=org.springframework.scheduling.config.TaskNamespaceHandler, http://www.springframework.org/schema/lang=org.springframework.scripting.config.LangNamespaceHandler, http://www.springframework.org/schema/context=org.springframework.context.config.ContextNamespaceHandler}
2016-07-15 08:19:40 DEBUG StandardEnvironment:109 - Adding [systemProperties] PropertySource with lowest search precedence
2016-07-15 08:19:40 DEBUG StandardEnvironment:109 - Adding [systemEnvironment] PropertySource with lowest search precedence
2016-07-15 08:19:40 DEBUG StandardEnvironment:126 - Initialized StandardEnvironment with PropertySources [systemProperties,systemEnvironment]
2016-07-15 08:19:40 DEBUG ClassPathBeanDefinitionScanner:244 - JSR-250 'javax.annotation.ManagedBean' found and supported for component scanning
2016-07-15 08:19:40 DEBUG PathMatchingResourcePatternResolver:622 - Looking for matching resources in directory tree [/opt/sts-bundle/pivotal-tc-server-developer-3.1.3.SR1/base-instance/wtpwebapps/logging-signup-app/WEB-INF/classes/pl/lublin/zeto/web]
2016-07-15 08:19:40 DEBUG PathMatchingResourcePatternResolver:684 - Searching directory [/opt/sts-bundle/pivotal-tc-server-developer-3.1.3.SR1/base-instance/wtpwebapps/logging-signup-app/WEB-INF/classes/pl/lublin/zeto/web] for files matching pattern [/opt/sts-bundle/pivotal-tc-server-developer-3.1.3.SR1/base-instance/wtpwebapps/logging-signup-app/WEB-INF/classes/pl/lublin/zeto/web/**/*.class]
2016-07-15 08:19:40 DEBUG PathMatchingResourcePatternResolver:684 - Searching directory [/opt/sts-bundle/pivotal-tc-server-developer-3.1.3.SR1/base-instance/wtpwebapps/logging-signup-app/WEB-INF/classes/pl/lublin/zeto/web/controller] for files matching pattern [/opt/sts-bundle/pivotal-tc-server-developer-3.1.3.SR1/base-instance/wtpwebapps/logging-signup-app/WEB-INF/classes/pl/lublin/zeto/web/**/*.class]
2016-07-15 08:19:40 DEBUG PathMatchingResourcePatternResolver:423 - Resolved location pattern [classpath*:pl/lublin/zeto/web/**/*.class] to resources [file [/opt/sts-bundle/pivotal-tc-server-developer-3.1.3.SR1/base-instance/wtpwebapps/logging-signup-app/WEB-INF/classes/pl/lublin/zeto/web/controller/HelloController.class]]
2016-07-15 08:19:40 DEBUG ClassPathBeanDefinitionScanner:286 - Identified candidate component class: file [/opt/sts-bundle/pivotal-tc-server-developer-3.1.3.SR1/base-instance/wtpwebapps/logging-signup-app/WEB-INF/classes/pl/lublin/zeto/web/controller/HelloController.class]
2016-07-15 08:19:40 DEBUG BeanDefinitionParserDelegate:495 - Neither XML 'id' nor 'name' specified - using generated bean name [org.springframework.web.servlet.view.InternalResourceViewResolver#0]
2016-07-15 08:19:40 DEBUG XmlBeanDefinitionReader:224 - Loaded 24 bean definitions from location pattern [/WEB-INF/spring-web-config.xml]
2016-07-15 08:19:40 DEBUG XmlWebApplicationContext:540 - Bean factory for WebApplicationContext for namespace 'hello-dispatcher-servlet': org.springframework.beans.factory.support.DefaultListableBeanFactory@54e8be07: defining beans [helloController,org.springframework.context.annotation.internalConfigurationAnnotationProcessor,org.springframework.context.annotation.internalAutowiredAnnotationProcessor,org.springframework.context.annotation.internalRequiredAnnotationProcessor,org.springframework.context.annotation.internalCommonAnnotationProcessor,org.springframework.web.servlet.view.InternalResourceViewResolver#0,mvcResourceUrlProvider,org.springframework.web.servlet.handler.MappedInterceptor#0,org.springframework.web.servlet.resource.ResourceHttpRequestHandler#0,mvcPathMatcher,mvcUrlPathHelper,org.springframework.web.servlet.handler.SimpleUrlHandlerMapping#0,org.springframework.web.servlet.handler.BeanNameUrlHandlerMapping,org.springframework.web.servlet.mvc.HttpRequestHandlerAdapter,org.springframework.web.servlet.mvc.SimpleControllerHandlerAdapter,mvcContentNegotiationManager,org.springframework.web.servlet.mvc.method.annotation.RequestMappingHandlerMapping#0,org.springframework.format.support.FormattingConversionServiceFactoryBean#0,org.springframework.web.servlet.mvc.method.annotation.RequestMappingHandlerAdapter#0,mvcUriComponentsContributor,org.springframework.web.servlet.handler.MappedInterceptor#1,org.springframework.web.servlet.mvc.method.annotation.ExceptionHandlerExceptionResolver#0,org.springframework.web.servlet.mvc.annotation.ResponseStatusExceptionResolver#0,org.springframework.web.servlet.mvc.support.DefaultHandlerExceptionResolver#0]; root of factory hierarchy
2016-07-15 08:19:40 DEBUG DefaultListableBeanFactory:867 - Registering scope 'request' with implementation [org.springframework.web.context.request.RequestScope@63d5a664]
2016-07-15 08:19:40 DEBUG DefaultListableBeanFactory:867 - Registering scope 'session' with implementation [org.springframework.web.context.request.SessionScope@1123f8e]
2016-07-15 08:19:40 DEBUG DefaultListableBeanFactory:867 - Registering scope 'globalSession' with implementation [org.springframework.web.context.request.SessionScope@4f3a4f4e]
2016-07-15 08:19:40 DEBUG DefaultListableBeanFactory:867 - Registering scope 'application' with implementation [org.springframework.web.context.support.ServletContextScope@448c8b47]
2016-07-15 08:19:40 DEBUG DefaultListableBeanFactory:221 - Creating shared instance of singleton bean 'org.springframework.context.annotation.internalConfigurationAnnotationProcessor'
2016-07-15 08:19:40 DEBUG DefaultListableBeanFactory:450 - Creating instance of bean 'org.springframework.context.annotation.internalConfigurationAnnotationProcessor'
2016-07-15 08:19:40 DEBUG DefaultListableBeanFactory:523 - Eagerly caching bean 'org.springframework.context.annotation.internalConfigurationAnnotationProcessor' to allow for resolving potential circular references
2016-07-15 08:19:40 DEBUG DefaultListableBeanFactory:478 - Finished creating instance of bean 'org.springframework.context.annotation.internalConfigurationAnnotationProcessor'
2016-07-15 08:19:40 DEBUG DefaultListableBeanFactory:221 - Creating shared instance of singleton bean 'org.springframework.context.annotation.internalAutowiredAnnotationProcessor'
2016-07-15 08:19:40 DEBUG DefaultListableBeanFactory:450 - Creating instance of bean 'org.springframework.context.annotation.internalAutowiredAnnotationProcessor'
2016-07-15 08:19:40 DEBUG DefaultListableBeanFactory:523 - Eagerly caching bean 'org.springframework.context.annotation.internalAutowiredAnnotationProcessor' to allow for resolving potential circular references
2016-07-15 08:19:40 DEBUG DefaultListableBeanFactory:478 - Finished creating instance of bean 'org.springframework.context.annotation.internalAutowiredAnnotationProcessor'
2016-07-15 08:19:40 DEBUG DefaultListableBeanFactory:221 - Creating shared instance of singleton bean 'org.springframework.context.annotation.internalRequiredAnnotationProcessor'
2016-07-15 08:19:40 DEBUG DefaultListableBeanFactory:450 - Creating instance of bean 'org.springframework.context.annotation.internalRequiredAnnotationProcessor'
2016-07-15 08:19:40 DEBUG DefaultListableBeanFactory:523 - Eagerly caching bean 'org.springframework.context.annotation.internalRequiredAnnotationProcessor' to allow for resolving potential circular references
2016-07-15 08:19:40 DEBUG DefaultListableBeanFactory:478 - Finished creating instance of bean 'org.springframework.context.annotation.internalRequiredAnnotationProcessor'
2016-07-15 08:19:40 DEBUG DefaultListableBeanFactory:221 - Creating shared instance of singleton bean 'org.springframework.context.annotation.internalCommonAnnotationProcessor'
2016-07-15 08:19:40 DEBUG DefaultListableBeanFactory:450 - Creating instance of bean 'org.springframework.context.annotation.internalCommonAnnotationProcessor'
2016-07-15 08:19:40 DEBUG DefaultListableBeanFactory:523 - Eagerly caching bean 'org.springframework.context.annotation.internalCommonAnnotationProcessor' to allow for resolving potential circular references
2016-07-15 08:19:40 DEBUG DefaultListableBeanFactory:478 - Finished creating instance of bean 'org.springframework.context.annotation.internalCommonAnnotationProcessor'
2016-07-15 08:19:40 DEBUG DefaultListableBeanFactory:221 - Creating shared instance of singleton bean 'org.springframework.context.annotation.ConfigurationClassPostProcessor.importAwareProcessor'
2016-07-15 08:19:40 DEBUG DefaultListableBeanFactory:450 - Creating instance of bean 'org.springframework.context.annotation.ConfigurationClassPostProcessor.importAwareProcessor'
2016-07-15 08:19:40 DEBUG DefaultListableBeanFactory:523 - Eagerly caching bean 'org.springframework.context.annotation.ConfigurationClassPostProcessor.importAwareProcessor' to allow for resolving potential circular references
2016-07-15 08:19:40 DEBUG DefaultListableBeanFactory:478 - Finished creating instance of bean 'org.springframework.context.annotation.ConfigurationClassPostProcessor.importAwareProcessor'
2016-07-15 08:19:40 DEBUG DefaultListableBeanFactory:221 - Creating shared instance of singleton bean 'org.springframework.context.annotation.ConfigurationClassPostProcessor.enhancedConfigurationProcessor'
2016-07-15 08:19:40 DEBUG DefaultListableBeanFactory:450 - Creating instance of bean 'org.springframework.context.annotation.ConfigurationClassPostProcessor.enhancedConfigurationProcessor'
2016-07-15 08:19:40 DEBUG DefaultListableBeanFactory:523 - Eagerly caching bean 'org.springframework.context.annotation.ConfigurationClassPostProcessor.enhancedConfigurationProcessor' to allow for resolving potential circular references
2016-07-15 08:19:40 DEBUG DefaultListableBeanFactory:478 - Finished creating instance of bean 'org.springframework.context.annotation.ConfigurationClassPostProcessor.enhancedConfigurationProcessor'
2016-07-15 08:19:40 DEBUG XmlWebApplicationContext:646 - Unable to locate MessageSource with name 'messageSource': using default [org.springframework.context.support.DelegatingMessageSource@44256208]
2016-07-15 08:19:40 DEBUG XmlWebApplicationContext:670 - Unable to locate ApplicationEventMulticaster with name 'applicationEventMulticaster': using default [org.springframework.context.event.SimpleApplicationEventMulticaster@64c3e8cb]
2016-07-15 08:19:40 DEBUG UiApplicationContextUtils:85 - Unable to locate ThemeSource with name 'themeSource': using default [org.springframework.ui.context.support.ResourceBundleThemeSource@128134fb]
2016-07-15 08:19:40 DEBUG DefaultListableBeanFactory:724 - Pre-instantiating singletons in org.springframework.beans.factory.support.DefaultListableBeanFactory@54e8be07: defining beans [helloController,org.springframework.context.annotation.internalConfigurationAnnotationProcessor,org.springframework.context.annotation.internalAutowiredAnnotationProcessor,org.springframework.context.annotation.internalRequiredAnnotationProcessor,org.springframework.context.annotation.internalCommonAnnotationProcessor,org.springframework.web.servlet.view.InternalResourceViewResolver#0,mvcResourceUrlProvider,org.springframework.web.servlet.handler.MappedInterceptor#0,org.springframework.web.servlet.resource.ResourceHttpRequestHandler#0,mvcPathMatcher,mvcUrlPathHelper,org.springframework.web.servlet.handler.SimpleUrlHandlerMapping#0,org.springframework.web.servlet.handler.BeanNameUrlHandlerMapping,org.springframework.web.servlet.mvc.HttpRequestHandlerAdapter,org.springframework.web.servlet.mvc.SimpleControllerHandlerAdapter,mvcContentNegotiationManager,org.springframework.web.servlet.mvc.method.annotation.RequestMappingHandlerMapping#0,org.springframework.format.support.FormattingConversionServiceFactoryBean#0,org.springframework.web.servlet.mvc.method.annotation.RequestMappingHandlerAdapter#0,mvcUriComponentsContributor,org.springframework.web.servlet.handler.MappedInterceptor#1,org.springframework.web.servlet.mvc.method.annotation.ExceptionHandlerExceptionResolver#0,org.springframework.web.servlet.mvc.annotation.ResponseStatusExceptionResolver#0,org.springframework.web.servlet.mvc.support.DefaultHandlerExceptionResolver#0,org.springframework.context.annotation.ConfigurationClassPostProcessor.importAwareProcessor,org.springframework.context.annotation.ConfigurationClassPostProcessor.enhancedConfigurationProcessor]; root of factory hierarchy
2016-07-15 08:19:40 DEBUG DefaultListableBeanFactory:221 - Creating shared instance of singleton bean 'helloController'
2016-07-15 08:19:40 DEBUG DefaultListableBeanFactory:450 - Creating instance of bean 'helloController'
2016-07-15 08:19:40 DEBUG DefaultListableBeanFactory:523 - Eagerly caching bean 'helloController' to allow for resolving potential circular references
2016-07-15 08:19:40 DEBUG DefaultListableBeanFactory:478 - Finished creating instance of bean 'helloController'
2016-07-15 08:19:40 DEBUG DefaultListableBeanFactory:248 - Returning cached instance of singleton bean 'org.springframework.context.annotation.internalConfigurationAnnotationProcessor'
2016-07-15 08:19:40 DEBUG DefaultListableBeanFactory:248 - Returning cached instance of singleton bean 'org.springframework.context.annotation.internalAutowiredAnnotationProcessor'
2016-07-15 08:19:40 DEBUG DefaultListableBeanFactory:248 - Returning cached instance of singleton bean 'org.springframework.context.annotation.internalRequiredAnnotationProcessor'
2016-07-15 08:19:40 DEBUG DefaultListableBeanFactory:248 - Returning cached instance of singleton bean 'org.springframework.context.annotation.internalCommonAnnotationProcessor'
2016-07-15 08:19:40 DEBUG DefaultListableBeanFactory:221 - Creating shared instance of singleton bean 'org.springframework.web.servlet.view.InternalResourceViewResolver#0'
2016-07-15 08:19:40 DEBUG DefaultListableBeanFactory:450 - Creating instance of bean 'org.springframework.web.servlet.view.InternalResourceViewResolver#0'
2016-07-15 08:19:40 DEBUG DefaultListableBeanFactory:523 - Eagerly caching bean 'org.springframework.web.servlet.view.InternalResourceViewResolver#0' to allow for resolving potential circular references
2016-07-15 08:19:40 DEBUG DefaultListableBeanFactory:478 - Finished creating instance of bean 'org.springframework.web.servlet.view.InternalResourceViewResolver#0'
2016-07-15 08:19:40 DEBUG DefaultListableBeanFactory:221 - Creating shared instance of singleton bean 'mvcResourceUrlProvider'
2016-07-15 08:19:40 DEBUG DefaultListableBeanFactory:450 - Creating instance of bean 'mvcResourceUrlProvider'
2016-07-15 08:19:40 DEBUG DefaultListableBeanFactory:523 - Eagerly caching bean 'mvcResourceUrlProvider' to allow for resolving potential circular references
2016-07-15 08:19:40 DEBUG DefaultListableBeanFactory:478 - Finished creating instance of bean 'mvcResourceUrlProvider'
2016-07-15 08:19:40 DEBUG DefaultListableBeanFactory:221 - Creating shared instance of singleton bean 'org.springframework.web.servlet.handler.MappedInterceptor#0'
2016-07-15 08:19:40 DEBUG DefaultListableBeanFactory:450 - Creating instance of bean 'org.springframework.web.servlet.handler.MappedInterceptor#0'
2016-07-15 08:19:40 DEBUG DefaultListableBeanFactory:450 - Creating instance of bean '(inner bean)#10fc1b22'
2016-07-15 08:19:40 DEBUG DefaultListableBeanFactory:450 - Creating instance of bean '(inner bean)#677d4716'
2016-07-15 08:19:40 DEBUG DefaultListableBeanFactory:478 - Finished creating instance of bean '(inner bean)#677d4716'
2016-07-15 08:19:40 DEBUG DefaultListableBeanFactory:478 - Finished creating instance of bean '(inner bean)#10fc1b22'
2016-07-15 08:19:40 DEBUG BeanUtils:455 - No property editor [org.springframework.web.context.request.WebRequestInterceptorEditor] found for type org.springframework.web.context.request.WebRequestInterceptor according to 'Editor' suffix convention
2016-07-15 08:19:40 DEBUG DefaultListableBeanFactory:523 - Eagerly caching bean 'org.springframework.web.servlet.handler.MappedInterceptor#0' to allow for resolving potential circular references
2016-07-15 08:19:40 DEBUG DefaultListableBeanFactory:478 - Finished creating instance of bean 'org.springframework.web.servlet.handler.MappedInterceptor#0'
2016-07-15 08:19:40 DEBUG DefaultListableBeanFactory:221 - Creating shared instance of singleton bean 'org.springframework.web.servlet.resource.ResourceHttpRequestHandler#0'
2016-07-15 08:19:40 DEBUG DefaultListableBeanFactory:450 - Creating instance of bean 'org.springframework.web.servlet.resource.ResourceHttpRequestHandler#0'
2016-07-15 08:19:40 DEBUG DefaultListableBeanFactory:523 - Eagerly caching bean 'org.springframework.web.servlet.resource.ResourceHttpRequestHandler#0' to allow for resolving potential circular references
2016-07-15 08:19:40 DEBUG DefaultListableBeanFactory:1616 - Invoking afterPropertiesSet() on bean with name 'org.springframework.web.servlet.resource.ResourceHttpRequestHandler#0'
2016-07-15 08:19:40 DEBUG DefaultListableBeanFactory:478 - Finished creating instance of bean 'org.springframework.web.servlet.resource.ResourceHttpRequestHandler#0'
2016-07-15 08:19:40 DEBUG DefaultListableBeanFactory:221 - Creating shared instance of singleton bean 'mvcPathMatcher'
2016-07-15 08:19:40 DEBUG DefaultListableBeanFactory:450 - Creating instance of bean 'mvcPathMatcher'
2016-07-15 08:19:40 DEBUG DefaultListableBeanFactory:523 - Eagerly caching bean 'mvcPathMatcher' to allow for resolving potential circular references
2016-07-15 08:19:40 DEBUG DefaultListableBeanFactory:478 - Finished creating instance of bean 'mvcPathMatcher'
2016-07-15 08:19:40 DEBUG DefaultListableBeanFactory:221 - Creating shared instance of singleton bean 'mvcUrlPathHelper'
2016-07-15 08:19:40 DEBUG DefaultListableBeanFactory:450 - Creating instance of bean 'mvcUrlPathHelper'
2016-07-15 08:19:40 DEBUG DefaultListableBeanFactory:523 - Eagerly caching bean 'mvcUrlPathHelper' to allow for resolving potential circular references
2016-07-15 08:19:40 DEBUG DefaultListableBeanFactory:478 - Finished creating instance of bean 'mvcUrlPathHelper'
2016-07-15 08:19:40 DEBUG DefaultListableBeanFactory:221 - Creating shared instance of singleton bean 'org.springframework.web.servlet.handler.SimpleUrlHandlerMapping#0'
2016-07-15 08:19:40 DEBUG DefaultListableBeanFactory:450 - Creating instance of bean 'org.springframework.web.servlet.handler.SimpleUrlHandlerMapping#0'
2016-07-15 08:19:40 DEBUG DefaultListableBeanFactory:523 - Eagerly caching bean 'org.springframework.web.servlet.handler.SimpleUrlHandlerMapping#0' to allow for resolving potential circular references
2016-07-15 08:19:40 DEBUG DefaultListableBeanFactory:248 - Returning cached instance of singleton bean 'mvcPathMatcher'
2016-07-15 08:19:40 DEBUG DefaultListableBeanFactory:248 - Returning cached instance of singleton bean 'mvcUrlPathHelper'
2016-07-15 08:19:40 DEBUG DefaultListableBeanFactory:248 - Returning cached instance of singleton bean 'org.springframework.web.servlet.handler.MappedInterceptor#0'
2016-07-15 08:19:40 DEBUG DefaultListableBeanFactory:221 - Creating shared instance of singleton bean 'org.springframework.web.servlet.handler.MappedInterceptor#1'
2016-07-15 08:19:40 DEBUG DefaultListableBeanFactory:450 - Creating instance of bean 'org.springframework.web.servlet.handler.MappedInterceptor#1'
2016-07-15 08:19:40 DEBUG DefaultListableBeanFactory:450 - Creating instance of bean '(inner bean)#7f7832f6'
2016-07-15 08:19:40 DEBUG DefaultListableBeanFactory:221 - Creating shared instance of singleton bean 'org.springframework.format.support.FormattingConversionServiceFactoryBean#0'
2016-07-15 08:19:40 DEBUG DefaultListableBeanFactory:450 - Creating instance of bean 'org.springframework.format.support.FormattingConversionServiceFactoryBean#0'
2016-07-15 08:19:40 DEBUG DefaultListableBeanFactory:523 - Eagerly caching bean 'org.springframework.format.support.FormattingConversionServiceFactoryBean#0' to allow for resolving potential circular references
2016-07-15 08:19:40 DEBUG DefaultListableBeanFactory:1616 - Invoking afterPropertiesSet() on bean with name 'org.springframework.format.support.FormattingConversionServiceFactoryBean#0'
2016-07-15 08:19:40 DEBUG DefaultListableBeanFactory:478 - Finished creating instance of bean 'org.springframework.format.support.FormattingConversionServiceFactoryBean#0'
2016-07-15 08:19:40 DEBUG DefaultListableBeanFactory:478 - Finished creating instance of bean '(inner bean)#7f7832f6'
2016-07-15 08:19:40 DEBUG DefaultListableBeanFactory:523 - Eagerly caching bean 'org.springframework.web.servlet.handler.MappedInterceptor#1' to allow for resolving potential circular references
2016-07-15 08:19:40 DEBUG DefaultListableBeanFactory:478 - Finished creating instance of bean 'org.springframework.web.servlet.handler.MappedInterceptor#1'
2016-07-15 08:19:40 DEBUG DefaultListableBeanFactory:248 - Returning cached instance of singleton bean 'org.springframework.web.servlet.resource.ResourceHttpRequestHandler#0'
2016-07-15 08:19:40 INFO  SimpleUrlHandlerMapping:314 - Mapped URL path [/resources/**] onto handler 'org.springframework.web.servlet.resource.ResourceHttpRequestHandler#0'
2016-07-15 08:19:40 DEBUG DefaultListableBeanFactory:478 - Finished creating instance of bean 'org.springframework.web.servlet.handler.SimpleUrlHandlerMapping#0'
2016-07-15 08:19:40 DEBUG DefaultListableBeanFactory:221 - Creating shared instance of singleton bean 'org.springframework.web.servlet.handler.BeanNameUrlHandlerMapping'
2016-07-15 08:19:40 DEBUG DefaultListableBeanFactory:450 - Creating instance of bean 'org.springframework.web.servlet.handler.BeanNameUrlHandlerMapping'
2016-07-15 08:19:40 DEBUG DefaultListableBeanFactory:523 - Eagerly caching bean 'org.springframework.web.servlet.handler.BeanNameUrlHandlerMapping' to allow for resolving potential circular references
2016-07-15 08:19:40 DEBUG DefaultListableBeanFactory:248 - Returning cached instance of singleton bean 'org.springframework.web.servlet.handler.MappedInterceptor#0'
2016-07-15 08:19:40 DEBUG DefaultListableBeanFactory:248 - Returning cached instance of singleton bean 'org.springframework.web.servlet.handler.MappedInterceptor#1'
2016-07-15 08:19:40 DEBUG BeanNameUrlHandlerMapping:71 - Looking for URL mappings in application context: WebApplicationContext for namespace 'hello-dispatcher-servlet': startup date [Fri Jul 15 08:19:39 CEST 2016]; root of context hierarchy
2016-07-15 08:19:40 DEBUG BeanNameUrlHandlerMapping:86 - Rejected bean name 'helloController': no URL paths identified
2016-07-15 08:19:40 DEBUG BeanNameUrlHandlerMapping:86 - Rejected bean name 'org.springframework.context.annotation.internalConfigurationAnnotationProcessor': no URL paths identified
2016-07-15 08:19:40 DEBUG BeanNameUrlHandlerMapping:86 - Rejected bean name 'org.springframework.context.annotation.internalAutowiredAnnotationProcessor': no URL paths identified
2016-07-15 08:19:40 DEBUG BeanNameUrlHandlerMapping:86 - Rejected bean name 'org.springframework.context.annotation.internalRequiredAnnotationProcessor': no URL paths identified
2016-07-15 08:19:40 DEBUG BeanNameUrlHandlerMapping:86 - Rejected bean name 'org.springframework.context.annotation.internalCommonAnnotationProcessor': no URL paths identified
2016-07-15 08:19:40 DEBUG BeanNameUrlHandlerMapping:86 - Rejected bean name 'org.springframework.web.servlet.view.InternalResourceViewResolver#0': no URL paths identified
2016-07-15 08:19:40 DEBUG BeanNameUrlHandlerMapping:86 - Rejected bean name 'mvcResourceUrlProvider': no URL paths identified
2016-07-15 08:19:40 DEBUG BeanNameUrlHandlerMapping:86 - Rejected bean name 'org.springframework.web.servlet.handler.MappedInterceptor#0': no URL paths identified
2016-07-15 08:19:40 DEBUG BeanNameUrlHandlerMapping:86 - Rejected bean name 'org.springframework.web.servlet.resource.ResourceHttpRequestHandler#0': no URL paths identified
2016-07-15 08:19:40 DEBUG BeanNameUrlHandlerMapping:86 - Rejected bean name 'mvcPathMatcher': no URL paths identified
2016-07-15 08:19:40 DEBUG BeanNameUrlHandlerMapping:86 - Rejected bean name 'mvcUrlPathHelper': no URL paths identified
2016-07-15 08:19:40 DEBUG BeanNameUrlHandlerMapping:86 - Rejected bean name 'org.springframework.web.servlet.handler.SimpleUrlHandlerMapping#0': no URL paths identified
2016-07-15 08:19:40 DEBUG BeanNameUrlHandlerMapping:86 - Rejected bean name 'org.springframework.web.servlet.handler.BeanNameUrlHandlerMapping': no URL paths identified
2016-07-15 08:19:40 DEBUG BeanNameUrlHandlerMapping:86 - Rejected bean name 'org.springframework.web.servlet.mvc.HttpRequestHandlerAdapter': no URL paths identified
2016-07-15 08:19:40 DEBUG BeanNameUrlHandlerMapping:86 - Rejected bean name 'org.springframework.web.servlet.mvc.SimpleControllerHandlerAdapter': no URL paths identified
2016-07-15 08:19:40 DEBUG BeanNameUrlHandlerMapping:86 - Rejected bean name 'mvcContentNegotiationManager': no URL paths identified
2016-07-15 08:19:40 DEBUG BeanNameUrlHandlerMapping:86 - Rejected bean name 'org.springframework.web.servlet.mvc.method.annotation.RequestMappingHandlerMapping#0': no URL paths identified
2016-07-15 08:19:40 DEBUG BeanNameUrlHandlerMapping:86 - Rejected bean name 'org.springframework.format.support.FormattingConversionServiceFactoryBean#0': no URL paths identified
2016-07-15 08:19:40 DEBUG BeanNameUrlHandlerMapping:86 - Rejected bean name 'org.springframework.web.servlet.mvc.method.annotation.RequestMappingHandlerAdapter#0': no URL paths identified
2016-07-15 08:19:40 DEBUG BeanNameUrlHandlerMapping:86 - Rejected bean name 'mvcUriComponentsContributor': no URL paths identified
2016-07-15 08:19:40 DEBUG BeanNameUrlHandlerMapping:86 - Rejected bean name 'org.springframework.web.servlet.handler.MappedInterceptor#1': no URL paths identified
2016-07-15 08:19:40 DEBUG BeanNameUrlHandlerMapping:86 - Rejected bean name 'org.springframework.web.servlet.mvc.method.annotation.ExceptionHandlerExceptionResolver#0': no URL paths identified
2016-07-15 08:19:40 DEBUG BeanNameUrlHandlerMapping:86 - Rejected bean name 'org.springframework.web.servlet.mvc.annotation.ResponseStatusExceptionResolver#0': no URL paths identified
2016-07-15 08:19:40 DEBUG BeanNameUrlHandlerMapping:86 - Rejected bean name 'org.springframework.web.servlet.mvc.support.DefaultHandlerExceptionResolver#0': no URL paths identified
2016-07-15 08:19:40 DEBUG BeanNameUrlHandlerMapping:86 - Rejected bean name 'org.springframework.context.annotation.ConfigurationClassPostProcessor.importAwareProcessor': no URL paths identified
2016-07-15 08:19:40 DEBUG BeanNameUrlHandlerMapping:86 - Rejected bean name 'org.springframework.context.annotation.ConfigurationClassPostProcessor.enhancedConfigurationProcessor': no URL paths identified
2016-07-15 08:19:40 DEBUG BeanNameUrlHandlerMapping:86 - Rejected bean name 'environment': no URL paths identified
2016-07-15 08:19:40 DEBUG BeanNameUrlHandlerMapping:86 - Rejected bean name 'systemProperties': no URL paths identified
2016-07-15 08:19:40 DEBUG BeanNameUrlHandlerMapping:86 - Rejected bean name 'systemEnvironment': no URL paths identified
2016-07-15 08:19:40 DEBUG BeanNameUrlHandlerMapping:86 - Rejected bean name 'servletContext': no URL paths identified
2016-07-15 08:19:40 DEBUG BeanNameUrlHandlerMapping:86 - Rejected bean name 'servletConfig': no URL paths identified
2016-07-15 08:19:40 DEBUG BeanNameUrlHandlerMapping:86 - Rejected bean name 'contextParameters': no URL paths identified
2016-07-15 08:19:40 DEBUG BeanNameUrlHandlerMapping:86 - Rejected bean name 'contextAttributes': no URL paths identified
2016-07-15 08:19:40 DEBUG BeanNameUrlHandlerMapping:86 - Rejected bean name 'org.springframework.context.annotation.ConfigurationClassPostProcessor.importRegistry': no URL paths identified
2016-07-15 08:19:40 DEBUG BeanNameUrlHandlerMapping:86 - Rejected bean name 'messageSource': no URL paths identified
2016-07-15 08:19:40 DEBUG BeanNameUrlHandlerMapping:86 - Rejected bean name 'applicationEventMulticaster': no URL paths identified
2016-07-15 08:19:40 DEBUG DefaultListableBeanFactory:478 - Finished creating instance of bean 'org.springframework.web.servlet.handler.BeanNameUrlHandlerMapping'
2016-07-15 08:19:40 DEBUG DefaultListableBeanFactory:221 - Creating shared instance of singleton bean 'org.springframework.web.servlet.mvc.HttpRequestHandlerAdapter'
2016-07-15 08:19:40 DEBUG DefaultListableBeanFactory:450 - Creating instance of bean 'org.springframework.web.servlet.mvc.HttpRequestHandlerAdapter'
2016-07-15 08:19:40 DEBUG DefaultListableBeanFactory:523 - Eagerly caching bean 'org.springframework.web.servlet.mvc.HttpRequestHandlerAdapter' to allow for resolving potential circular references
2016-07-15 08:19:40 DEBUG DefaultListableBeanFactory:478 - Finished creating instance of bean 'org.springframework.web.servlet.mvc.HttpRequestHandlerAdapter'
2016-07-15 08:19:40 DEBUG DefaultListableBeanFactory:221 - Creating shared instance of singleton bean 'org.springframework.web.servlet.mvc.SimpleControllerHandlerAdapter'
2016-07-15 08:19:40 DEBUG DefaultListableBeanFactory:450 - Creating instance of bean 'org.springframework.web.servlet.mvc.SimpleControllerHandlerAdapter'
2016-07-15 08:19:40 DEBUG DefaultListableBeanFactory:523 - Eagerly caching bean 'org.springframework.web.servlet.mvc.SimpleControllerHandlerAdapter' to allow for resolving potential circular references
2016-07-15 08:19:40 DEBUG DefaultListableBeanFactory:478 - Finished creating instance of bean 'org.springframework.web.servlet.mvc.SimpleControllerHandlerAdapter'
2016-07-15 08:19:40 DEBUG DefaultListableBeanFactory:221 - Creating shared instance of singleton bean 'mvcContentNegotiationManager'
2016-07-15 08:19:40 DEBUG DefaultListableBeanFactory:450 - Creating instance of bean 'mvcContentNegotiationManager'
2016-07-15 08:19:40 DEBUG DefaultListableBeanFactory:523 - Eagerly caching bean 'mvcContentNegotiationManager' to allow for resolving potential circular references
2016-07-15 08:19:40 DEBUG DefaultListableBeanFactory:1616 - Invoking afterPropertiesSet() on bean with name 'mvcContentNegotiationManager'
2016-07-15 08:19:40 DEBUG DefaultListableBeanFactory:478 - Finished creating instance of bean 'mvcContentNegotiationManager'
2016-07-15 08:19:40 DEBUG DefaultListableBeanFactory:221 - Creating shared instance of singleton bean 'org.springframework.web.servlet.mvc.method.annotation.RequestMappingHandlerMapping#0'
2016-07-15 08:19:40 DEBUG DefaultListableBeanFactory:450 - Creating instance of bean 'org.springframework.web.servlet.mvc.method.annotation.RequestMappingHandlerMapping#0'
2016-07-15 08:19:40 DEBUG DefaultListableBeanFactory:523 - Eagerly caching bean 'org.springframework.web.servlet.mvc.method.annotation.RequestMappingHandlerMapping#0' to allow for resolving potential circular references
2016-07-15 08:19:40 DEBUG DefaultListableBeanFactory:248 - Returning cached instance of singleton bean 'mvcContentNegotiationManager'
2016-07-15 08:19:40 DEBUG DefaultListableBeanFactory:248 - Returning cached instance of singleton bean 'org.springframework.web.servlet.handler.MappedInterceptor#0'
2016-07-15 08:19:40 DEBUG DefaultListableBeanFactory:248 - Returning cached instance of singleton bean 'org.springframework.web.servlet.handler.MappedInterceptor#1'
2016-07-15 08:19:40 DEBUG DefaultListableBeanFactory:1616 - Invoking afterPropertiesSet() on bean with name 'org.springframework.web.servlet.mvc.method.annotation.RequestMappingHandlerMapping#0'
2016-07-15 08:19:40 DEBUG RequestMappingHandlerMapping:134 - Looking for request mappings in application context: WebApplicationContext for namespace 'hello-dispatcher-servlet': startup date [Fri Jul 15 08:19:39 CEST 2016]; root of context hierarchy
2016-07-15 08:19:40 INFO  RequestMappingHandlerMapping:217 - Mapped "{[/addUser],methods=[POST],params=[],headers=[],consumes=[],produces=[],custom=[]}" onto public java.lang.String pl.lublin.zeto.web.controller.HelloController.submit(pl.lublin.zeto.mapping.User,org.springframework.validation.BindingResult,org.springframework.ui.ModelMap)
2016-07-15 08:19:40 INFO  RequestMappingHandlerMapping:217 - Mapped "{[/],methods=[GET],params=[],headers=[],consumes=[],produces=[],custom=[]}" onto public org.springframework.web.servlet.ModelAndView pl.lublin.zeto.web.controller.HelloController.showForm(java.lang.String,java.lang.String)
2016-07-15 08:19:40 INFO  RequestMappingHandlerMapping:217 - Mapped "{[/logout],methods=[GET],params=[],headers=[],consumes=[],produces=[],custom=[]}" onto public java.lang.String pl.lublin.zeto.web.controller.HelloController.deleteCookie(javax.servlet.http.HttpServletResponse)
2016-07-15 08:19:40 INFO  RequestMappingHandlerMapping:217 - Mapped "{[/login],methods=[POST],params=[],headers=[],consumes=[],produces=[],custom=[]}" onto public java.lang.String pl.lublin.zeto.web.controller.HelloController.signIn(pl.lublin.zeto.mapping.User,org.springframework.validation.BindingResult,org.springframework.ui.ModelMap,javax.servlet.http.HttpServletResponse)
2016-07-15 08:19:40 DEBUG DefaultListableBeanFactory:478 - Finished creating instance of bean 'org.springframework.web.servlet.mvc.method.annotation.RequestMappingHandlerMapping#0'
2016-07-15 08:19:40 DEBUG DefaultListableBeanFactory:248 - Returning cached instance of singleton bean 'org.springframework.format.support.FormattingConversionServiceFactoryBean#0'
2016-07-15 08:19:40 DEBUG DefaultListableBeanFactory:221 - Creating shared instance of singleton bean 'org.springframework.web.servlet.mvc.method.annotation.RequestMappingHandlerAdapter#0'
2016-07-15 08:19:40 DEBUG DefaultListableBeanFactory:450 - Creating instance of bean 'org.springframework.web.servlet.mvc.method.annotation.RequestMappingHandlerAdapter#0'
2016-07-15 08:19:40 DEBUG DefaultListableBeanFactory:523 - Eagerly caching bean 'org.springframework.web.servlet.mvc.method.annotation.RequestMappingHandlerAdapter#0' to allow for resolving potential circular references
2016-07-15 08:19:40 DEBUG DefaultListableBeanFactory:248 - Returning cached instance of singleton bean 'mvcContentNegotiationManager'
2016-07-15 08:19:40 DEBUG DefaultListableBeanFactory:450 - Creating instance of bean '(inner bean)#50c1eac0'
2016-07-15 08:19:40 DEBUG DefaultListableBeanFactory:248 - Returning cached instance of singleton bean 'org.springframework.format.support.FormattingConversionServiceFactoryBean#0'
2016-07-15 08:19:40 DEBUG DefaultListableBeanFactory:478 - Finished creating instance of bean '(inner bean)#50c1eac0'
2016-07-15 08:19:40 DEBUG DefaultListableBeanFactory:450 - Creating instance of bean '(inner bean)#2ac155a0'
2016-07-15 08:19:40 DEBUG DefaultListableBeanFactory:478 - Finished creating instance of bean '(inner bean)#2ac155a0'
2016-07-15 08:19:40 DEBUG DefaultListableBeanFactory:450 - Creating instance of bean '(inner bean)#3e2dc6e0'
2016-07-15 08:19:40 DEBUG DefaultListableBeanFactory:478 - Finished creating instance of bean '(inner bean)#3e2dc6e0'
2016-07-15 08:19:40 DEBUG DefaultListableBeanFactory:450 - Creating instance of bean '(inner bean)#4bdf565c'
2016-07-15 08:19:40 DEBUG DefaultListableBeanFactory:478 - Finished creating instance of bean '(inner bean)#4bdf565c'
2016-07-15 08:19:40 DEBUG DefaultListableBeanFactory:450 - Creating instance of bean '(inner bean)#475e35a9'
2016-07-15 08:19:40 DEBUG DefaultListableBeanFactory:478 - Finished creating instance of bean '(inner bean)#475e35a9'
2016-07-15 08:19:40 DEBUG DefaultListableBeanFactory:450 - Creating instance of bean '(inner bean)#6be43091'
2016-07-15 08:19:40 DEBUG DefaultListableBeanFactory:478 - Finished creating instance of bean '(inner bean)#6be43091'
2016-07-15 08:19:40 DEBUG DefaultListableBeanFactory:450 - Creating instance of bean '(inner bean)#3ec3efb5'
2016-07-15 08:19:40 DEBUG DefaultListableBeanFactory:478 - Finished creating instance of bean '(inner bean)#3ec3efb5'
2016-07-15 08:19:40 DEBUG DefaultListableBeanFactory:1616 - Invoking afterPropertiesSet() on bean with name 'org.springframework.web.servlet.mvc.method.annotation.RequestMappingHandlerAdapter#0'
2016-07-15 08:19:40 INFO  RequestMappingHandlerAdapter:517 - Looking for @ControllerAdvice: WebApplicationContext for namespace 'hello-dispatcher-servlet': startup date [Fri Jul 15 08:19:39 CEST 2016]; root of context hierarchy
2016-07-15 08:19:40 DEBUG DefaultListableBeanFactory:478 - Finished creating instance of bean 'org.springframework.web.servlet.mvc.method.annotation.RequestMappingHandlerAdapter#0'
2016-07-15 08:19:40 DEBUG DefaultListableBeanFactory:221 - Creating shared instance of singleton bean 'mvcUriComponentsContributor'
2016-07-15 08:19:40 DEBUG DefaultListableBeanFactory:450 - Creating instance of bean 'mvcUriComponentsContributor'
2016-07-15 08:19:40 DEBUG DefaultListableBeanFactory:523 - Eagerly caching bean 'mvcUriComponentsContributor' to allow for resolving potential circular references
2016-07-15 08:19:40 DEBUG DefaultListableBeanFactory:450 - Creating instance of bean '(inner bean)#5b419cb'
2016-07-15 08:19:40 DEBUG DefaultListableBeanFactory:248 - Returning cached instance of singleton bean 'mvcContentNegotiationManager'
2016-07-15 08:19:40 DEBUG DefaultListableBeanFactory:450 - Creating instance of bean '(inner bean)#50c1eac0#1'
2016-07-15 08:19:40 DEBUG DefaultListableBeanFactory:248 - Returning cached instance of singleton bean 'org.springframework.format.support.FormattingConversionServiceFactoryBean#0'
2016-07-15 08:19:40 DEBUG DefaultListableBeanFactory:478 - Finished creating instance of bean '(inner bean)#50c1eac0#1'
2016-07-15 08:19:40 DEBUG DefaultListableBeanFactory:450 - Creating instance of bean '(inner bean)#2ac155a0#1'
2016-07-15 08:19:40 DEBUG DefaultListableBeanFactory:478 - Finished creating instance of bean '(inner bean)#2ac155a0#1'
2016-07-15 08:19:40 DEBUG DefaultListableBeanFactory:450 - Creating instance of bean '(inner bean)#3e2dc6e0#1'
2016-07-15 08:19:40 DEBUG DefaultListableBeanFactory:478 - Finished creating instance of bean '(inner bean)#3e2dc6e0#1'
2016-07-15 08:19:40 DEBUG DefaultListableBeanFactory:450 - Creating instance of bean '(inner bean)#4bdf565c#1'
2016-07-15 08:19:40 DEBUG DefaultListableBeanFactory:478 - Finished creating instance of bean '(inner bean)#4bdf565c#1'
2016-07-15 08:19:40 DEBUG DefaultListableBeanFactory:450 - Creating instance of bean '(inner bean)#475e35a9#1'
2016-07-15 08:19:40 DEBUG DefaultListableBeanFactory:478 - Finished creating instance of bean '(inner bean)#475e35a9#1'
2016-07-15 08:19:40 DEBUG DefaultListableBeanFactory:450 - Creating instance of bean '(inner bean)#6be43091#1'
2016-07-15 08:19:40 DEBUG DefaultListableBeanFactory:478 - Finished creating instance of bean '(inner bean)#6be43091#1'
2016-07-15 08:19:40 DEBUG DefaultListableBeanFactory:450 - Creating instance of bean '(inner bean)#3ec3efb5#1'
2016-07-15 08:19:40 DEBUG DefaultListableBeanFactory:478 - Finished creating instance of bean '(inner bean)#3ec3efb5#1'
2016-07-15 08:19:40 DEBUG DefaultListableBeanFactory:1616 - Invoking afterPropertiesSet() on bean with name '(inner bean)#5b419cb'
2016-07-15 08:19:40 INFO  RequestMappingHandlerAdapter:517 - Looking for @ControllerAdvice: WebApplicationContext for namespace 'hello-dispatcher-servlet': startup date [Fri Jul 15 08:19:39 CEST 2016]; root of context hierarchy
2016-07-15 08:19:40 DEBUG DefaultListableBeanFactory:244 - Returning eagerly cached instance of singleton bean 'mvcUriComponentsContributor' that is not fully initialized yet - a consequence of a circular reference
2016-07-15 08:19:40 DEBUG DefaultListableBeanFactory:478 - Finished creating instance of bean '(inner bean)#5b419cb'
2016-07-15 08:19:40 DEBUG DefaultListableBeanFactory:248 - Returning cached instance of singleton bean 'org.springframework.format.support.FormattingConversionServiceFactoryBean#0'
2016-07-15 08:19:40 DEBUG DefaultListableBeanFactory:1616 - Invoking afterPropertiesSet() on bean with name 'mvcUriComponentsContributor'
2016-07-15 08:19:40 DEBUG DefaultListableBeanFactory:478 - Finished creating instance of bean 'mvcUriComponentsContributor'
2016-07-15 08:19:40 DEBUG DefaultListableBeanFactory:248 - Returning cached instance of singleton bean 'org.springframework.web.servlet.handler.MappedInterceptor#1'
2016-07-15 08:19:40 DEBUG DefaultListableBeanFactory:221 - Creating shared instance of singleton bean 'org.springframework.web.servlet.mvc.method.annotation.ExceptionHandlerExceptionResolver#0'
2016-07-15 08:19:40 DEBUG DefaultListableBeanFactory:450 - Creating instance of bean 'org.springframework.web.servlet.mvc.method.annotation.ExceptionHandlerExceptionResolver#0'
2016-07-15 08:19:40 DEBUG DefaultListableBeanFactory:523 - Eagerly caching bean 'org.springframework.web.servlet.mvc.method.annotation.ExceptionHandlerExceptionResolver#0' to allow for resolving potential circular references
2016-07-15 08:19:40 DEBUG DefaultListableBeanFactory:248 - Returning cached instance of singleton bean 'mvcContentNegotiationManager'
2016-07-15 08:19:40 DEBUG DefaultListableBeanFactory:450 - Creating instance of bean '(inner bean)#2ac155a0#2'
2016-07-15 08:19:40 DEBUG DefaultListableBeanFactory:478 - Finished creating instance of bean '(inner bean)#2ac155a0#2'
2016-07-15 08:19:40 DEBUG DefaultListableBeanFactory:450 - Creating instance of bean '(inner bean)#3e2dc6e0#2'
2016-07-15 08:19:40 DEBUG DefaultListableBeanFactory:478 - Finished creating instance of bean '(inner bean)#3e2dc6e0#2'
2016-07-15 08:19:40 DEBUG DefaultListableBeanFactory:450 - Creating instance of bean '(inner bean)#4bdf565c#2'
2016-07-15 08:19:40 DEBUG DefaultListableBeanFactory:478 - Finished creating instance of bean '(inner bean)#4bdf565c#2'
2016-07-15 08:19:40 DEBUG DefaultListableBeanFactory:450 - Creating instance of bean '(inner bean)#475e35a9#2'
2016-07-15 08:19:40 DEBUG DefaultListableBeanFactory:478 - Finished creating instance of bean '(inner bean)#475e35a9#2'
2016-07-15 08:19:40 DEBUG DefaultListableBeanFactory:450 - Creating instance of bean '(inner bean)#6be43091#2'
2016-07-15 08:19:40 DEBUG DefaultListableBeanFactory:478 - Finished creating instance of bean '(inner bean)#6be43091#2'
2016-07-15 08:19:40 DEBUG DefaultListableBeanFactory:450 - Creating instance of bean '(inner bean)#3ec3efb5#2'
2016-07-15 08:19:40 DEBUG DefaultListableBeanFactory:478 - Finished creating instance of bean '(inner bean)#3ec3efb5#2'
2016-07-15 08:19:40 DEBUG DefaultListableBeanFactory:1616 - Invoking afterPropertiesSet() on bean with name 'org.springframework.web.servlet.mvc.method.annotation.ExceptionHandlerExceptionResolver#0'
2016-07-15 08:19:40 DEBUG ExceptionHandlerExceptionResolver:257 - Looking for exception mappings: WebApplicationContext for namespace 'hello-dispatcher-servlet': startup date [Fri Jul 15 08:19:39 CEST 2016]; root of context hierarchy
2016-07-15 08:19:40 DEBUG DefaultListableBeanFactory:478 - Finished creating instance of bean 'org.springframework.web.servlet.mvc.method.annotation.ExceptionHandlerExceptionResolver#0'
2016-07-15 08:19:40 DEBUG DefaultListableBeanFactory:221 - Creating shared instance of singleton bean 'org.springframework.web.servlet.mvc.annotation.ResponseStatusExceptionResolver#0'
2016-07-15 08:19:40 DEBUG DefaultListableBeanFactory:450 - Creating instance of bean 'org.springframework.web.servlet.mvc.annotation.ResponseStatusExceptionResolver#0'
2016-07-15 08:19:40 DEBUG DefaultListableBeanFactory:523 - Eagerly caching bean 'org.springframework.web.servlet.mvc.annotation.ResponseStatusExceptionResolver#0' to allow for resolving potential circular references
2016-07-15 08:19:40 DEBUG DefaultListableBeanFactory:478 - Finished creating instance of bean 'org.springframework.web.servlet.mvc.annotation.ResponseStatusExceptionResolver#0'
2016-07-15 08:19:40 DEBUG DefaultListableBeanFactory:221 - Creating shared instance of singleton bean 'org.springframework.web.servlet.mvc.support.DefaultHandlerExceptionResolver#0'
2016-07-15 08:19:40 DEBUG DefaultListableBeanFactory:450 - Creating instance of bean 'org.springframework.web.servlet.mvc.support.DefaultHandlerExceptionResolver#0'
2016-07-15 08:19:40 DEBUG DefaultListableBeanFactory:523 - Eagerly caching bean 'org.springframework.web.servlet.mvc.support.DefaultHandlerExceptionResolver#0' to allow for resolving potential circular references
2016-07-15 08:19:40 DEBUG DefaultListableBeanFactory:478 - Finished creating instance of bean 'org.springframework.web.servlet.mvc.support.DefaultHandlerExceptionResolver#0'
2016-07-15 08:19:40 DEBUG DefaultListableBeanFactory:248 - Returning cached instance of singleton bean 'org.springframework.context.annotation.ConfigurationClassPostProcessor.importAwareProcessor'
2016-07-15 08:19:40 DEBUG DefaultListableBeanFactory:248 - Returning cached instance of singleton bean 'org.springframework.context.annotation.ConfigurationClassPostProcessor.enhancedConfigurationProcessor'
2016-07-15 08:19:40 DEBUG XmlWebApplicationContext:697 - Unable to locate LifecycleProcessor with name 'lifecycleProcessor': using default [org.springframework.context.support.DefaultLifecycleProcessor@1dffc823]
2016-07-15 08:19:40 DEBUG DefaultListableBeanFactory:248 - Returning cached instance of singleton bean 'lifecycleProcessor'
2016-07-15 08:19:40 DEBUG DefaultListableBeanFactory:248 - Returning cached instance of singleton bean 'mvcResourceUrlProvider'
2016-07-15 08:19:40 DEBUG DispatcherServlet:506 - Unable to locate MultipartResolver with name 'multipartResolver': no multipart request handling provided
2016-07-15 08:19:40 DEBUG DefaultListableBeanFactory:450 - Creating instance of bean 'org.springframework.web.servlet.i18n.AcceptHeaderLocaleResolver'
2016-07-15 08:19:40 DEBUG DefaultListableBeanFactory:478 - Finished creating instance of bean 'org.springframework.web.servlet.i18n.AcceptHeaderLocaleResolver'
2016-07-15 08:19:40 DEBUG DispatcherServlet:528 - Unable to locate LocaleResolver with name 'localeResolver': using default [org.springframework.web.servlet.i18n.AcceptHeaderLocaleResolver@26f0b86a]
2016-07-15 08:19:40 DEBUG DefaultListableBeanFactory:450 - Creating instance of bean 'org.springframework.web.servlet.theme.FixedThemeResolver'
2016-07-15 08:19:40 DEBUG DefaultListableBeanFactory:478 - Finished creating instance of bean 'org.springframework.web.servlet.theme.FixedThemeResolver'
2016-07-15 08:19:40 DEBUG DispatcherServlet:550 - Unable to locate ThemeResolver with name 'themeResolver': using default [org.springframework.web.servlet.theme.FixedThemeResolver@5276e159]
2016-07-15 08:19:40 DEBUG DefaultListableBeanFactory:248 - Returning cached instance of singleton bean 'org.springframework.web.servlet.handler.SimpleUrlHandlerMapping#0'
2016-07-15 08:19:40 DEBUG DefaultListableBeanFactory:248 - Returning cached instance of singleton bean 'org.springframework.web.servlet.handler.BeanNameUrlHandlerMapping'
2016-07-15 08:19:40 DEBUG DefaultListableBeanFactory:248 - Returning cached instance of singleton bean 'org.springframework.web.servlet.mvc.method.annotation.RequestMappingHandlerMapping#0'
2016-07-15 08:19:40 DEBUG DefaultListableBeanFactory:248 - Returning cached instance of singleton bean 'org.springframework.web.servlet.mvc.HttpRequestHandlerAdapter'
2016-07-15 08:19:40 DEBUG DefaultListableBeanFactory:248 - Returning cached instance of singleton bean 'org.springframework.web.servlet.mvc.SimpleControllerHandlerAdapter'
2016-07-15 08:19:40 DEBUG DefaultListableBeanFactory:248 - Returning cached instance of singleton bean 'org.springframework.web.servlet.mvc.method.annotation.RequestMappingHandlerAdapter#0'
2016-07-15 08:19:40 DEBUG DefaultListableBeanFactory:248 - Returning cached instance of singleton bean 'org.springframework.web.servlet.mvc.method.annotation.ExceptionHandlerExceptionResolver#0'
2016-07-15 08:19:40 DEBUG DefaultListableBeanFactory:248 - Returning cached instance of singleton bean 'org.springframework.web.servlet.mvc.annotation.ResponseStatusExceptionResolver#0'
2016-07-15 08:19:40 DEBUG DefaultListableBeanFactory:248 - Returning cached instance of singleton bean 'org.springframework.web.servlet.mvc.support.DefaultHandlerExceptionResolver#0'
2016-07-15 08:19:40 DEBUG DefaultListableBeanFactory:450 - Creating instance of bean 'org.springframework.web.servlet.view.DefaultRequestToViewNameTranslator'
2016-07-15 08:19:40 DEBUG DefaultListableBeanFactory:478 - Finished creating instance of bean 'org.springframework.web.servlet.view.DefaultRequestToViewNameTranslator'
2016-07-15 08:19:40 DEBUG DispatcherServlet:688 - Unable to locate RequestToViewNameTranslator with name 'viewNameTranslator': using default [org.springframework.web.servlet.view.DefaultRequestToViewNameTranslator@7aa7160c]
2016-07-15 08:19:40 DEBUG DefaultListableBeanFactory:248 - Returning cached instance of singleton bean 'org.springframework.web.servlet.view.InternalResourceViewResolver#0'
2016-07-15 08:19:40 DEBUG DefaultListableBeanFactory:450 - Creating instance of bean 'org.springframework.web.servlet.support.SessionFlashMapManager'
2016-07-15 08:19:40 DEBUG DefaultListableBeanFactory:478 - Finished creating instance of bean 'org.springframework.web.servlet.support.SessionFlashMapManager'
2016-07-15 08:19:40 DEBUG DispatcherServlet:750 - Unable to locate FlashMapManager with name 'flashMapManager': using default [org.springframework.web.servlet.support.SessionFlashMapManager@79a9564e]
2016-07-15 08:19:40 DEBUG ResourceUrlProvider:140 - Looking for resource handler mappings
2016-07-15 08:19:40 DEBUG DefaultListableBeanFactory:248 - Returning cached instance of singleton bean 'org.springframework.web.servlet.handler.SimpleUrlHandlerMapping#0'
2016-07-15 08:19:40 DEBUG ResourceUrlProvider:152 - Found resource handler mapping: URL pattern="/resources/**", locations=[ServletContext resource [/resources/theme1/]], resolvers=[org.springframework.web.servlet.resource.PathResourceResolver@4d15c30f]
2016-07-15 08:19:40 DEBUG ResourceUrlProvider:140 - Looking for resource handler mappings
2016-07-15 08:19:40 DEBUG DefaultListableBeanFactory:248 - Returning cached instance of singleton bean 'org.springframework.web.servlet.handler.SimpleUrlHandlerMapping#0'
2016-07-15 08:19:40 DEBUG ResourceUrlProvider:152 - Found resource handler mapping: URL pattern="/resources/**", locations=[ServletContext resource [/resources/theme1/]], resolvers=[org.springframework.web.servlet.resource.PathResourceResolver@4d15c30f]
2016-07-15 08:19:40 DEBUG PropertySourcesPropertyResolver:81 - Searching for key 'spring.liveBeansView.mbeanDomain' in [servletConfigInitParams]
2016-07-15 08:19:40 DEBUG PropertySourcesPropertyResolver:81 - Searching for key 'spring.liveBeansView.mbeanDomain' in [servletContextInitParams]
2016-07-15 08:19:40 DEBUG PropertySourcesPropertyResolver:81 - Searching for key 'spring.liveBeansView.mbeanDomain' in [jndiProperties]
2016-07-15 08:19:40 DEBUG JndiTemplate:150 - Looking up JNDI object with name [java:comp/env/spring.liveBeansView.mbeanDomain]
2016-07-15 08:19:40 DEBUG JndiLocatorDelegate:101 - Converted JNDI name [java:comp/env/spring.liveBeansView.mbeanDomain] not found - trying original name [spring.liveBeansView.mbeanDomain]. javax.naming.NameNotFoundException: Name [spring.liveBeansView.mbeanDomain] is not bound in this Context. Unable to find [spring.liveBeansView.mbeanDomain].
2016-07-15 08:19:40 DEBUG JndiTemplate:150 - Looking up JNDI object with name [spring.liveBeansView.mbeanDomain]
2016-07-15 08:19:40 DEBUG JndiPropertySource:90 - JNDI lookup for name [spring.liveBeansView.mbeanDomain] threw NamingException with message: Name [spring.liveBeansView.mbeanDomain] is not bound in this Context. Unable to find [spring.liveBeansView.mbeanDomain].. Returning null.
2016-07-15 08:19:40 DEBUG PropertySourcesPropertyResolver:81 - Searching for key 'spring.liveBeansView.mbeanDomain' in [systemProperties]
2016-07-15 08:19:40 DEBUG PropertySourcesPropertyResolver:81 - Searching for key 'spring.liveBeansView.mbeanDomain' in [systemEnvironment]
2016-07-15 08:19:40 DEBUG PropertySourcesPropertyResolver:103 - Could not find key 'spring.liveBeansView.mbeanDomain' in any property source. Returning [null]
2016-07-15 08:19:40 DEBUG DispatcherServlet:563 - Published WebApplicationContext of servlet 'hello-dispatcher' as ServletContext attribute with name [org.springframework.web.servlet.FrameworkServlet.CONTEXT.hello-dispatcher]
2016-07-15 08:19:40 INFO  DispatcherServlet:503 - FrameworkServlet 'hello-dispatcher': initialization completed in 916 ms
2016-07-15 08:19:40 DEBUG DispatcherServlet:139 - Servlet 'hello-dispatcher' configured successfully
2016-07-15 08:19:48 DEBUG DispatcherServlet:861 - DispatcherServlet with name 'hello-dispatcher' processing GET request for [/logging-signup-app/]
2016-07-15 08:19:48 DEBUG RequestMappingHandlerMapping:294 - Looking up handler method for path /
2016-07-15 08:19:48 DEBUG RequestMappingHandlerMapping:299 - Returning handler method [public org.springframework.web.servlet.ModelAndView pl.lublin.zeto.web.controller.HelloController.showForm(java.lang.String,java.lang.String)]
2016-07-15 08:19:48 DEBUG DefaultListableBeanFactory:248 - Returning cached instance of singleton bean 'helloController'
2016-07-15 08:19:48 DEBUG DispatcherServlet:947 - Last-Modified value for [/logging-signup-app/] is: -1
2016-07-15 08:19:48 DEBUG HelloController:36 - [cookie] username = adam
2016-07-15 08:19:48 DEBUG HelloController:37 - [cookie] passwordHash = f7f376a1fcd0d0e11a10ed1b6577c99784d3a6bbe669b1d13fae43eb64634f6e
2016-07-15 08:19:48 DEBUG DefaultListableBeanFactory:1616 - Invoking afterPropertiesSet() on bean with name 'home'
2016-07-15 08:19:48 DEBUG DispatcherServlet:1241 - Rendering view [org.springframework.web.servlet.view.JstlView: name 'home'; URL [/WEB-INF/pages/home.jsp]] in DispatcherServlet with name 'hello-dispatcher'
2016-07-15 08:19:48 DEBUG JstlView:432 - Added model object 'user' of type [pl.lublin.zeto.mapping.User] to request in view with name 'home'
2016-07-15 08:19:48 DEBUG JstlView:432 - Added model object 'username' of type [java.lang.String] to request in view with name 'home'
2016-07-15 08:19:48 DEBUG JstlView:432 - Added model object 'passwordHash' of type [java.lang.String] to request in view with name 'home'
2016-07-15 08:19:48 DEBUG JstlView:432 - Added model object 'org.springframework.validation.BindingResult.user' of type [org.springframework.validation.BeanPropertyBindingResult] to request in view with name 'home'
2016-07-15 08:19:48 DEBUG JstlView:166 - Forwarding to resource [/WEB-INF/pages/home.jsp] in InternalResourceView 'home'
2016-07-15 08:19:49 DEBUG BeanUtils:455 - No property editor [java.lang.StringEditor] found for type java.lang.String according to 'Editor' suffix convention
2016-07-15 08:19:49 DEBUG DispatcherServlet:996 - Successfully completed request
